<?xml version="1.0" encoding="UTF-8"?>
<!-- Generated by org.testng.reporters.JUnitReportReporter -->
<testsuite skipped="0" hostname="LAPTOP-L3T40ONI" name="com.sdettraining.Day04" tests="1" failures="0" timestamp="8 Oct 2021 03:08:39 GMT" time="0.027" errors="0">
  <testcase name="testMethod1" time="0.027" classname="com.sdettraining.Day04"/>
</testsuite> <!-- com.sdettraining.Day04 -->
