<?xml version="1.0" encoding="UTF-8"?>
<!-- Generated by org.testng.reporters.JUnitReportReporter -->
<testsuite skipped="4" hostname="LAPTOP-L3T40ONI" name="com.sdettraining.appium.Appium_3" tests="5" failures="0" timestamp="8 Nov 2021 03:31:45 GMT" time="0.012" errors="1">
  <testcase name="tabChangingTextMethod" time="0.003" classname="com.sdettraining.appium.Appium_3">
    <skipped/>
  </testcase> <!-- tabChangingTextMethod -->
  <testcase name="updateddDateMethod" time="0.002" classname="com.sdettraining.appium.Appium_3">
    <skipped/>
  </testcase> <!-- updateddDateMethod -->
  <testcase name="startAppium" time="0.000" classname="com.sdettraining.appium.Appium_3">
    <error type="java.lang.NullPointerException">
      <![CDATA[java.lang.NullPointerException
	at com.sdettraining.appium.Appium_3.startAppium(Appium_3.java:55)
	at sun.reflect.NativeMethodAccessorImpl.invoke0(Native Method)
	at sun.reflect.NativeMethodAccessorImpl.invoke(Unknown Source)
	at sun.reflect.DelegatingMethodAccessorImpl.invoke(Unknown Source)
	at java.lang.reflect.Method.invoke(Unknown Source)
	at org.testng.internal.MethodInvocationHelper.invokeMethod(MethodInvocationHelper.java:100)
	at org.testng.internal.Invoker.invokeConfigurationMethod(Invoker.java:515)
	at org.testng.internal.Invoker.invokeConfigurations(Invoker.java:216)
	at org.testng.internal.Invoker.invokeMethod(Invoker.java:590)
	at org.testng.internal.Invoker.invokeTestMethod(Invoker.java:811)
	at org.testng.internal.Invoker.invokeTestMethods(Invoker.java:1137)
	at org.testng.internal.TestMethodWorker.invokeTestMethods(TestMethodWorker.java:129)
	at org.testng.internal.TestMethodWorker.run(TestMethodWorker.java:112)
	at org.testng.TestRunner.privateRun(TestRunner.java:753)
	at org.testng.TestRunner.run(TestRunner.java:607)
	at org.testng.SuiteRunner.runTest(SuiteRunner.java:368)
	at org.testng.SuiteRunner.runSequentially(SuiteRunner.java:363)
	at org.testng.SuiteRunner.privateRun(SuiteRunner.java:321)
	at org.testng.SuiteRunner.run(SuiteRunner.java:270)
	at org.testng.SuiteRunnerWorker.runSuite(SuiteRunnerWorker.java:52)
	at org.testng.SuiteRunnerWorker.run(SuiteRunnerWorker.java:86)
	at org.testng.TestNG.runSuitesSequentially(TestNG.java:1284)
	at org.testng.TestNG.runSuitesLocally(TestNG.java:1209)
	at org.testng.TestNG.runSuites(TestNG.java:1124)
	at org.testng.TestNG.run(TestNG.java:1096)
	at org.testng.remote.AbstractRemoteTestNG.run(AbstractRemoteTestNG.java:132)
	at org.testng.remote.RemoteTestNG.initAndRun(RemoteTestNG.java:236)
	at org.testng.remote.RemoteTestNG.main(RemoteTestNG.java:81)
]]>
    </error>
  </testcase> <!-- startAppium -->
  <testcase name="checkItemsMethod" time="0.003" classname="com.sdettraining.appium.Appium_3">
    <skipped/>
  </testcase> <!-- checkItemsMethod -->
  <testcase name="checkBocAndRadioButtonMethod" time="0.004" classname="com.sdettraining.appium.Appium_3">
    <skipped/>
  </testcase> <!-- checkBocAndRadioButtonMethod -->
</testsuite> <!-- com.sdettraining.appium.Appium_3 -->
